eth0      Link encap:Ethernet  HWaddr 02:42:ac:11:00:02  
          inet addr:172.17.0.2  Bcast:172.17.255.255  Mask:255.255.0.0
          UP BROADCAST RUNNING MULTICAST  MTU:1500  Metric:1
          RX packets:50 errors:0 dropped:0 overruns:0 frame:0
          TX packets:0 errors:0 dropped:0 overruns:0 carrier:0
          collisions:0 txqueuelen:0 
          RX bytes:7122 (7.1 KB)  TX bytes:0 (0.0 B)

lo        Link encap:Local Loopback  
          inet addr:127.0.0.1  Mask:255.0.0.0
          UP LOOPBACK RUNNING  MTU:65536  Metric:1
          RX packets:6821 errors:0 dropped:0 overruns:0 frame:0
          TX packets:6821 errors:0 dropped:0 overruns:0 carrier:0
          collisions:0 txqueuelen:1000 
          RX bytes:499483 (499.4 KB)  TX bytes:499483 (499.4 KB)

s1-eth1   Link encap:Ethernet  HWaddr 00:aa:00:01:00:01  
          UP BROADCAST RUNNING MULTICAST  MTU:9000  Metric:1
          RX packets:1 errors:0 dropped:0 overruns:0 frame:0
          TX packets:0 errors:0 dropped:0 overruns:0 carrier:0
          collisions:0 txqueuelen:20000 
          RX bytes:90 (90.0 B)  TX bytes:0 (0.0 B)

s1-eth2   Link encap:Ethernet  HWaddr 00:aa:00:01:00:02  
          UP BROADCAST RUNNING MULTICAST  MTU:9000  Metric:1
          RX packets:1 errors:0 dropped:0 overruns:0 frame:0
          TX packets:0 errors:0 dropped:0 overruns:0 carrier:0
          collisions:0 txqueuelen:20000 
          RX bytes:90 (90.0 B)  TX bytes:0 (0.0 B)

s1-eth3   Link encap:Ethernet  HWaddr 00:aa:00:01:00:03  
          UP BROADCAST RUNNING MULTICAST  MTU:9000  Metric:1
          RX packets:1 errors:0 dropped:0 overruns:0 frame:0
          TX packets:0 errors:0 dropped:0 overruns:0 carrier:0
          collisions:0 txqueuelen:20000 
          RX bytes:90 (90.0 B)  TX bytes:0 (0.0 B)

