Calling target program-options parser
[14:23:02.255] [bmv2] [D] [thread 89] Set default default entry for table 'tbl_p4snort215': p4snort215 - 
[14:23:02.255] [bmv2] [D] [thread 89] Set default default entry for table 'tbl_p4snort221': p4snort221 - 
[14:23:02.255] [bmv2] [D] [thread 89] Set default default entry for table 'tbl_p4snort226': p4snort226 - 
[14:23:02.255] [bmv2] [D] [thread 89] Set default default entry for table 'tbl_p4snort230': p4snort230 - 
[14:23:02.255] [bmv2] [D] [thread 89] Set default default entry for table 'tbl_act': act - 
[14:23:02.255] [bmv2] [D] [thread 89] Set default default entry for table 'tbl_p4snort10': p4snort10 - 
[14:23:02.255] [bmv2] [D] [thread 89] Set default default entry for table 'tbl_p4snort14': p4snort14 - 
[14:23:02.255] [bmv2] [D] [thread 89] Set default default entry for table 'tbl_p4snort18': p4snort18 - 
[14:23:02.255] [bmv2] [D] [thread 89] Set default default entry for table 'tbl_act_0': act_0 - 
[14:23:02.255] [bmv2] [D] [thread 89] Set default default entry for table 'tbl_read_cm_limiter': MyIngress.read_cm_limiter - 
[14:23:02.255] [bmv2] [D] [thread 89] Set default default entry for table 'MyIngress.ipv4_ids': MyIngress.pass - 2,
[14:23:02.255] [bmv2] [D] [thread 89] Set default default entry for table 'MyIngress.ipv6_ids': MyIngress.pass - 2,
[14:23:02.255] [bmv2] [D] [thread 89] Set default default entry for table 'tbl_p4snort249': p4snort249 - 
[14:23:02.255] [bmv2] [D] [thread 89] Set default default entry for table 'tbl_p4snort253': p4snort253 - 
[14:23:02.255] [bmv2] [D] [thread 89] Set default default entry for table 'MyIngress.debug_table': NoAction - 
[14:23:02.255] [bmv2] [D] [thread 89] Set default default entry for table 'tbl_p4snort256': p4snort256 - 
[14:23:02.255] [bmv2] [D] [thread 89] Set default default entry for table 'tbl_increment_cm_limiter': MyIngress.increment_cm_limiter - 
[14:23:02.255] [bmv2] [D] [thread 89] Set default default entry for table 'tbl_track_ongoing_flows': MyIngress.track_ongoing_flows - 
[14:23:02.255] [bmv2] [D] [thread 89] Set default default entry for table 'tbl_p4snort265': p4snort265 - 
[14:23:02.255] [bmv2] [D] [thread 89] Set default default entry for table 'tbl_p4snort268': p4snort268 - 
[14:23:02.255] [bmv2] [D] [thread 89] Set default default entry for table 'tbl_age_bloomfilter': MyIngress.age_bloomfilter - 
[14:23:02.255] [bmv2] [D] [thread 89] Set default default entry for table 'tbl_p4snort273': p4snort273 - 
Adding interface s1-eth1 as port 1
[14:23:02.256] [bmv2] [D] [thread 89] Adding interface s1-eth1 as port 1
Adding interface s1-eth2 as port 2
[14:23:02.301] [bmv2] [D] [thread 89] Adding interface s1-eth2 as port 2
Adding interface s1-eth3 as port 3
[14:23:02.368] [bmv2] [D] [thread 89] Adding interface s1-eth3 as port 3
[14:23:02.418] [bmv2] [I] [thread 89] Starting Thrift server on port 9090
[14:23:02.419] [bmv2] [I] [thread 89] Thrift server was started
[14:23:03.487] [bmv2] [T] [thread 104] bm_get_config
